{"C:/Users/james/Documents/4.Projetos/15.medical_appointment/src/server.ts": {"path":"C:/Users/james/Documents/4.Projetos/15.medical_appointment/src/server.ts","statementMap":{"0":{"start":{"line":9,"column":12},"end":{"line":9,"column":null}},"1":{"start":{"line":11,"column":0},"end":{"line":11,"column":null}},"2":{"start":{"line":13,"column":0},"end":{"line":13,"column":null}},"3":{"start":{"line":15,"column":0},"end":{"line":15,"column":null}},"4":{"start":{"line":16,"column":0},"end":{"line":16,"column":null}},"5":{"start":{"line":18,"column":0},"end":{"line":18,"column":null}},"6":{"start":{"line":18,"column":23},"end":{"line":18,"column":68}},"7":{"start":{"line":20,"column":0},"end":{"line":22,"column":null}},"8":{"start":{"line":21,"column":4},"end":{"line":21,"column":null}}},"fnMap":{"0":{"name":"(anonymous_0)","decl":{"start":{"line":18,"column":17},"end":{"line":18,"column":23}},"loc":{"start":{"line":18,"column":23},"end":{"line":18,"column":68}}},"1":{"name":"(anonymous_1)","decl":{"start":{"line":20,"column":13},"end":{"line":20,"column":14}},"loc":{"start":{"line":20,"column":35},"end":{"line":22,"column":1}}}},"branchMap":{},"s":{"0":0,"1":0,"2":0,"3":0,"4":0,"5":0,"6":0,"7":0,"8":0},"f":{"0":0,"1":0},"b":{}}
,"C:/Users/james/Documents/4.Projetos/15.medical_appointment/src/errors/custom.error.ts": {"path":"C:/Users/james/Documents/4.Projetos/15.medical_appointment/src/errors/custom.error.ts","statementMap":{"0":{"start":{"line":6,"column":8},"end":{"line":6,"column":null}},"1":{"start":{"line":7,"column":8},"end":{"line":7,"column":null}},"2":{"start":{"line":8,"column":8},"end":{"line":8,"column":null}}},"fnMap":{"0":{"name":"(anonymous_0)","decl":{"start":{"line":5,"column":4},"end":{"line":5,"column":16}},"loc":{"start":{"line":5,"column":61},"end":{"line":9,"column":null}}}},"branchMap":{"0":{"loc":{"start":{"line":5,"column":33},"end":{"line":5,"column":51}},"type":"default-arg","locations":[{"start":{"line":5,"column":46},"end":{"line":5,"column":51}}]},"1":{"loc":{"start":{"line":5,"column":51},"end":{"line":5,"column":61}},"type":"default-arg","locations":[{"start":{"line":5,"column":58},"end":{"line":5,"column":61}}]}},"s":{"0":3,"1":3,"2":3},"f":{"0":3},"b":{"0":[3],"1":[3]}}
,"C:/Users/james/Documents/4.Projetos/15.medical_appointment/src/errors/parameter-required.error.ts": {"path":"C:/Users/james/Documents/4.Projetos/15.medical_appointment/src/errors/parameter-required.error.ts","statementMap":{"0":{"start":{"line":5,"column":8},"end":{"line":5,"column":null}},"1":{"start":{"line":6,"column":8},"end":{"line":6,"column":null}},"2":{"start":{"line":7,"column":8},"end":{"line":7,"column":null}}},"fnMap":{"0":{"name":"(anonymous_0)","decl":{"start":{"line":4,"column":4},"end":{"line":4,"column":16}},"loc":{"start":{"line":4,"column":53},"end":{"line":8,"column":null}}}},"branchMap":{},"s":{"0":0,"1":0,"2":0},"f":{"0":0},"b":{}}
,"C:/Users/james/Documents/4.Projetos/15.medical_appointment/src/infra/databases/prisma.config.ts": {"path":"C:/Users/james/Documents/4.Projetos/15.medical_appointment/src/infra/databases/prisma.config.ts","statementMap":{"0":{"start":{"line":3,"column":21},"end":{"line":3,"column":null}}},"fnMap":{},"branchMap":{},"s":{"0":0},"f":{},"b":{}}
,"C:/Users/james/Documents/4.Projetos/15.medical_appointment/src/infra/shared/crypto/password.bcrypt.ts": {"path":"C:/Users/james/Documents/4.Projetos/15.medical_appointment/src/infra/shared/crypto/password.bcrypt.ts","statementMap":{"0":{"start":{"line":7,"column":8},"end":{"line":7,"column":null}},"1":{"start":{"line":11,"column":25},"end":{"line":11,"column":null}},"2":{"start":{"line":12,"column":8},"end":{"line":12,"column":null}}},"fnMap":{"0":{"name":"(anonymous_0)","decl":{"start":{"line":6,"column":4},"end":{"line":6,"column":9}},"loc":{"start":{"line":6,"column":43},"end":{"line":8,"column":null}}},"1":{"name":"(anonymous_1)","decl":{"start":{"line":10,"column":4},"end":{"line":10,"column":10}},"loc":{"start":{"line":10,"column":76},"end":{"line":13,"column":null}}}},"branchMap":{},"s":{"0":0,"1":0,"2":0},"f":{"0":0,"1":0},"b":{}}
,"C:/Users/james/Documents/4.Projetos/15.medical_appointment/src/infra/shared/http/middleware/ensure-admin.middlware.ts": {"path":"C:/Users/james/Documents/4.Projetos/15.medical_appointment/src/infra/shared/http/middleware/ensure-admin.middlware.ts","statementMap":{"0":{"start":{"line":5,"column":27},"end":{"line":15,"column":null}},"1":{"start":{"line":7,"column":27},"end":{"line":7,"column":null}},"2":{"start":{"line":8,"column":17},"end":{"line":8,"column":null}},"3":{"start":{"line":10,"column":4},"end":{"line":10,"column":null}},"4":{"start":{"line":10,"column":14},"end":{"line":10,"column":null}},"5":{"start":{"line":12,"column":4},"end":{"line":12,"column":null}},"6":{"start":{"line":12,"column":22},"end":{"line":12,"column":null}},"7":{"start":{"line":14,"column":4},"end":{"line":14,"column":null}}},"fnMap":{"0":{"name":"(anonymous_0)","decl":{"start":{"line":5,"column":27},"end":{"line":5,"column":34}},"loc":{"start":{"line":5,"column":86},"end":{"line":15,"column":null}}}},"branchMap":{"0":{"loc":{"start":{"line":10,"column":4},"end":{"line":10,"column":null}},"type":"if","locations":[{"start":{"line":10,"column":4},"end":{"line":10,"column":null}},{"start":{"line":10,"column":4},"end":{"line":10,"column":null}}]},"1":{"loc":{"start":{"line":12,"column":4},"end":{"line":12,"column":null}},"type":"if","locations":[{"start":{"line":12,"column":4},"end":{"line":12,"column":null}},{"start":{"line":12,"column":4},"end":{"line":12,"column":null}}]}},"s":{"0":0,"1":0,"2":0,"3":0,"4":0,"5":0,"6":0,"7":0},"f":{"0":0},"b":{"0":[0,0],"1":[0,0]}}
,"C:/Users/james/Documents/4.Projetos/15.medical_appointment/src/infra/shared/http/middleware/ensure.auth.middleware.ts": {"path":"C:/Users/james/Documents/4.Projetos/15.medical_appointment/src/infra/shared/http/middleware/ensure.auth.middleware.ts","statementMap":{"0":{"start":{"line":4,"column":26},"end":{"line":28,"column":null}},"1":{"start":{"line":6,"column":23},"end":{"line":6,"column":null}},"2":{"start":{"line":8,"column":4},"end":{"line":10,"column":null}},"3":{"start":{"line":8,"column":21},"end":{"line":10,"column":null}},"4":{"start":{"line":12,"column":22},"end":{"line":12,"column":null}},"5":{"start":{"line":14,"column":4},"end":{"line":16,"column":null}},"6":{"start":{"line":14,"column":16},"end":{"line":16,"column":null}},"7":{"start":{"line":18,"column":24},"end":{"line":18,"column":null}},"8":{"start":{"line":20,"column":4},"end":{"line":23,"column":null}},"9":{"start":{"line":21,"column":8},"end":{"line":21,"column":null}},"10":{"start":{"line":22,"column":8},"end":{"line":22,"column":null}},"11":{"start":{"line":25,"column":4},"end":{"line":27,"column":null}}},"fnMap":{"0":{"name":"(anonymous_0)","decl":{"start":{"line":4,"column":26},"end":{"line":4,"column":27}},"loc":{"start":{"line":4,"column":79},"end":{"line":28,"column":null}}}},"branchMap":{"0":{"loc":{"start":{"line":8,"column":4},"end":{"line":10,"column":null}},"type":"if","locations":[{"start":{"line":8,"column":4},"end":{"line":10,"column":null}},{"start":{"line":8,"column":4},"end":{"line":10,"column":null}}]},"1":{"loc":{"start":{"line":14,"column":4},"end":{"line":16,"column":null}},"type":"if","locations":[{"start":{"line":14,"column":4},"end":{"line":16,"column":null}},{"start":{"line":14,"column":4},"end":{"line":16,"column":null}}]},"2":{"loc":{"start":{"line":20,"column":4},"end":{"line":23,"column":null}},"type":"if","locations":[{"start":{"line":20,"column":4},"end":{"line":23,"column":null}},{"start":{"line":20,"column":4},"end":{"line":23,"column":null}}]}},"s":{"0":0,"1":0,"2":0,"3":0,"4":0,"5":0,"6":0,"7":0,"8":0,"9":0,"10":0,"11":0},"f":{"0":0},"b":{"0":[0,0],"1":[0,0],"2":[0,0]}}
,"C:/Users/james/Documents/4.Projetos/15.medical_appointment/src/infra/shared/token/jwt.token.ts": {"path":"C:/Users/james/Documents/4.Projetos/15.medical_appointment/src/infra/shared/token/jwt.token.ts","statementMap":{"0":{"start":{"line":11,"column":4},"end":{"line":11,"column":null}},"1":{"start":{"line":13,"column":4},"end":{"line":13,"column":null}},"2":{"start":{"line":16,"column":22},"end":{"line":25,"column":null}},"3":{"start":{"line":27,"column":8},"end":{"line":27,"column":null}},"4":{"start":{"line":32,"column":8},"end":{"line":38,"column":null}},"5":{"start":{"line":33,"column":30},"end":{"line":33,"column":null}},"6":{"start":{"line":34,"column":12},"end":{"line":34,"column":null}},"7":{"start":{"line":37,"column":12},"end":{"line":37,"column":null}}},"fnMap":{"0":{"name":"(anonymous_0)","decl":{"start":{"line":10,"column":7},"end":{"line":10,"column":13}},"loc":{"start":{"line":10,"column":7},"end":{"line":13,"column":null}}},"1":{"name":"(anonymous_1)","decl":{"start":{"line":15,"column":4},"end":{"line":15,"column":11}},"loc":{"start":{"line":15,"column":52},"end":{"line":28,"column":null}}},"2":{"name":"(anonymous_2)","decl":{"start":{"line":30,"column":4},"end":{"line":30,"column":13}},"loc":{"start":{"line":30,"column":45},"end":{"line":39,"column":null}}}},"branchMap":{"0":{"loc":{"start":{"line":11,"column":27},"end":{"line":11,"column":null}},"type":"binary-expr","locations":[{"start":{"line":11,"column":27},"end":{"line":11,"column":59}},{"start":{"line":11,"column":59},"end":{"line":11,"column":null}}]}},"s":{"0":0,"1":0,"2":0,"3":0,"4":0,"5":0,"6":0,"7":0},"f":{"0":0,"1":0,"2":0},"b":{"0":[0,0]}}
,"C:/Users/james/Documents/4.Projetos/15.medical_appointment/src/modules/doctor/entities/doctor.entities.ts": {"path":"C:/Users/james/Documents/4.Projetos/15.medical_appointment/src/modules/doctor/entities/doctor.entities.ts","statementMap":{"0":{"start":{"line":19,"column":8},"end":{"line":19,"column":null}},"1":{"start":{"line":19,"column":23},"end":{"line":19,"column":null}},"2":{"start":{"line":21,"column":8},"end":{"line":21,"column":null}},"3":{"start":{"line":21,"column":35},"end":{"line":21,"column":null}},"4":{"start":{"line":23,"column":8},"end":{"line":23,"column":null}},"5":{"start":{"line":23,"column":25},"end":{"line":23,"column":null}},"6":{"start":{"line":25,"column":8},"end":{"line":29,"column":null}},"7":{"start":{"line":34,"column":23},"end":{"line":34,"column":null}},"8":{"start":{"line":35,"column":8},"end":{"line":35,"column":null}}},"fnMap":{"0":{"name":"(anonymous_0)","decl":{"start":{"line":18,"column":12},"end":{"line":18,"column":24}},"loc":{"start":{"line":18,"column":43},"end":{"line":31,"column":null}}},"1":{"name":"(anonymous_1)","decl":{"start":{"line":33,"column":4},"end":{"line":33,"column":11}},"loc":{"start":{"line":33,"column":37},"end":{"line":36,"column":null}}}},"branchMap":{"0":{"loc":{"start":{"line":19,"column":8},"end":{"line":19,"column":null}},"type":"if","locations":[{"start":{"line":19,"column":8},"end":{"line":19,"column":null}},{"start":{"line":19,"column":8},"end":{"line":19,"column":null}}]},"1":{"loc":{"start":{"line":21,"column":8},"end":{"line":21,"column":null}},"type":"if","locations":[{"start":{"line":21,"column":8},"end":{"line":21,"column":null}},{"start":{"line":21,"column":8},"end":{"line":21,"column":null}}]},"2":{"loc":{"start":{"line":23,"column":8},"end":{"line":23,"column":null}},"type":"if","locations":[{"start":{"line":23,"column":8},"end":{"line":23,"column":null}},{"start":{"line":23,"column":8},"end":{"line":23,"column":null}}]}},"s":{"0":4,"1":1,"2":3,"3":1,"4":2,"5":1,"6":1,"7":4,"8":1},"f":{"0":4,"1":4},"b":{"0":[1,3],"1":[1,2],"2":[1,1]}}
,"C:/Users/james/Documents/4.Projetos/15.medical_appointment/src/modules/specialty/entities/specialty.entity.ts": {"path":"C:/Users/james/Documents/4.Projetos/15.medical_appointment/src/modules/specialty/entities/specialty.entity.ts","statementMap":{"0":{"start":{"line":15,"column":8},"end":{"line":18,"column":null}},"1":{"start":{"line":23,"column":8},"end":{"line":23,"column":null}},"2":{"start":{"line":23,"column":25},"end":{"line":23,"column":null}},"3":{"start":{"line":25,"column":26},"end":{"line":25,"column":null}},"4":{"start":{"line":26,"column":8},"end":{"line":26,"column":null}}},"fnMap":{"0":{"name":"(anonymous_0)","decl":{"start":{"line":14,"column":4},"end":{"line":14,"column":16}},"loc":{"start":{"line":14,"column":51},"end":{"line":19,"column":null}}},"1":{"name":"(anonymous_1)","decl":{"start":{"line":21,"column":4},"end":{"line":21,"column":11}},"loc":{"start":{"line":21,"column":37},"end":{"line":27,"column":null}}}},"branchMap":{"0":{"loc":{"start":{"line":23,"column":8},"end":{"line":23,"column":null}},"type":"if","locations":[{"start":{"line":23,"column":8},"end":{"line":23,"column":null}},{"start":{"line":23,"column":8},"end":{"line":23,"column":null}}]}},"s":{"0":0,"1":0,"2":0,"3":0,"4":0},"f":{"0":0,"1":0},"b":{"0":[0,0]}}
,"C:/Users/james/Documents/4.Projetos/15.medical_appointment/src/modules/specialty/repositories/implementations/specialty.prisma.repository.ts": {"path":"C:/Users/james/Documents/4.Projetos/15.medical_appointment/src/modules/specialty/repositories/implementations/specialty.prisma.repository.ts","statementMap":{"0":{"start":{"line":9,"column":26},"end":{"line":13,"column":null}},"1":{"start":{"line":15,"column":8},"end":{"line":15,"column":null}},"2":{"start":{"line":19,"column":26},"end":{"line":24,"column":null}},"3":{"start":{"line":25,"column":8},"end":{"line":25,"column":null}}},"fnMap":{"0":{"name":"(anonymous_0)","decl":{"start":{"line":8,"column":4},"end":{"line":8,"column":10}},"loc":{"start":{"line":8,"column":82},"end":{"line":16,"column":null}}},"1":{"name":"(anonymous_1)","decl":{"start":{"line":17,"column":4},"end":{"line":17,"column":10}},"loc":{"start":{"line":17,"column":64},"end":{"line":26,"column":null}}}},"branchMap":{"0":{"loc":{"start":{"line":15,"column":15},"end":{"line":15,"column":null}},"type":"binary-expr","locations":[{"start":{"line":15,"column":15},"end":{"line":15,"column":28}},{"start":{"line":15,"column":28},"end":{"line":15,"column":null}}]}},"s":{"0":0,"1":0,"2":0,"3":0},"f":{"0":0,"1":0},"b":{"0":[0,0]}}
,"C:/Users/james/Documents/4.Projetos/15.medical_appointment/src/modules/specialty/useCases/create-specialty/create-specialty.controller.ts": {"path":"C:/Users/james/Documents/4.Projetos/15.medical_appointment/src/modules/specialty/useCases/create-specialty/create-specialty.controller.ts","statementMap":{"0":{"start":{"line":8,"column":24},"end":{"line":8,"column":67}},"1":{"start":{"line":12,"column":8},"end":{"line":26,"column":null}},"2":{"start":{"line":13,"column":28},"end":{"line":13,"column":null}},"3":{"start":{"line":15,"column":27},"end":{"line":15,"column":null}},"4":{"start":{"line":17,"column":12},"end":{"line":17,"column":null}},"5":{"start":{"line":21,"column":12},"end":{"line":21,"column":null}},"6":{"start":{"line":23,"column":12},"end":{"line":25,"column":null}}},"fnMap":{"0":{"name":"(anonymous_0)","decl":{"start":{"line":8,"column":4},"end":{"line":8,"column":24}},"loc":{"start":{"line":8,"column":67},"end":{"line":8,"column":null}}},"1":{"name":"(anonymous_1)","decl":{"start":{"line":10,"column":4},"end":{"line":10,"column":10}},"loc":{"start":{"line":10,"column":46},"end":{"line":27,"column":null}}}},"branchMap":{},"s":{"0":0,"1":0,"2":0,"3":0,"4":0,"5":0,"6":0},"f":{"0":0,"1":0},"b":{}}
,"C:/Users/james/Documents/4.Projetos/15.medical_appointment/src/modules/specialty/useCases/create-specialty/create-specialty.usecase.ts": {"path":"C:/Users/james/Documents/4.Projetos/15.medical_appointment/src/modules/specialty/useCases/create-specialty/create-specialty.usecase.ts","statementMap":{"0":{"start":{"line":11,"column":24},"end":{"line":11,"column":66}},"1":{"start":{"line":15,"column":26},"end":{"line":15,"column":null}},"2":{"start":{"line":17,"column":32},"end":{"line":17,"column":null}},"3":{"start":{"line":18,"column":8},"end":{"line":18,"column":null}},"4":{"start":{"line":18,"column":28},"end":{"line":18,"column":null}},"5":{"start":{"line":20,"column":33},"end":{"line":20,"column":null}},"6":{"start":{"line":22,"column":8},"end":{"line":22,"column":null}},"7":{"start":{"line":25,"column":8},"end":{"line":25,"column":null}}},"fnMap":{"0":{"name":"(anonymous_0)","decl":{"start":{"line":11,"column":4},"end":{"line":11,"column":24}},"loc":{"start":{"line":11,"column":66},"end":{"line":11,"column":null}}},"1":{"name":"(anonymous_1)","decl":{"start":{"line":13,"column":4},"end":{"line":13,"column":10}},"loc":{"start":{"line":13,"column":41},"end":{"line":26,"column":null}}}},"branchMap":{"0":{"loc":{"start":{"line":18,"column":8},"end":{"line":18,"column":null}},"type":"if","locations":[{"start":{"line":18,"column":8},"end":{"line":18,"column":null}},{"start":{"line":18,"column":8},"end":{"line":18,"column":null}}]}},"s":{"0":0,"1":0,"2":0,"3":0,"4":0,"5":0,"6":0,"7":0},"f":{"0":0,"1":0},"b":{"0":[0,0]}}
,"C:/Users/james/Documents/4.Projetos/15.medical_appointment/src/modules/specialty/useCases/create-specialty/index.ts": {"path":"C:/Users/james/Documents/4.Projetos/15.medical_appointment/src/modules/specialty/useCases/create-specialty/index.ts","statementMap":{"0":{"start":{"line":4,"column":34},"end":{"line":4,"column":null}},"1":{"start":{"line":5,"column":34},"end":{"line":5,"column":null}}},"fnMap":{},"branchMap":{},"s":{"0":0,"1":0},"f":{},"b":{}}
,"C:/Users/james/Documents/4.Projetos/15.medical_appointment/src/modules/users/entities/user.entity.ts": {"path":"C:/Users/james/Documents/4.Projetos/15.medical_appointment/src/modules/users/entities/user.entity.ts","statementMap":{"0":{"start":{"line":17,"column":8},"end":{"line":17,"column":null}},"1":{"start":{"line":18,"column":8},"end":{"line":18,"column":null}},"2":{"start":{"line":19,"column":8},"end":{"line":19,"column":null}},"3":{"start":{"line":20,"column":8},"end":{"line":20,"column":null}},"4":{"start":{"line":21,"column":8},"end":{"line":21,"column":null}},"5":{"start":{"line":25,"column":21},"end":{"line":25,"column":null}},"6":{"start":{"line":26,"column":8},"end":{"line":26,"column":null}}},"fnMap":{"0":{"name":"(anonymous_0)","decl":{"start":{"line":16,"column":12},"end":{"line":16,"column":24}},"loc":{"start":{"line":16,"column":37},"end":{"line":22,"column":null}}},"1":{"name":"(anonymous_1)","decl":{"start":{"line":24,"column":4},"end":{"line":24,"column":11}},"loc":{"start":{"line":24,"column":31},"end":{"line":27,"column":null}}}},"branchMap":{},"s":{"0":0,"1":0,"2":0,"3":0,"4":0,"5":0,"6":0},"f":{"0":0,"1":0},"b":{}}
,"C:/Users/james/Documents/4.Projetos/15.medical_appointment/src/modules/users/repositories/implementations/user.prisma.repository.ts": {"path":"C:/Users/james/Documents/4.Projetos/15.medical_appointment/src/modules/users/repositories/implementations/user.prisma.repository.ts","statementMap":{"0":{"start":{"line":7,"column":21},"end":{"line":11,"column":null}},"1":{"start":{"line":13,"column":8},"end":{"line":13,"column":null}},"2":{"start":{"line":17,"column":21},"end":{"line":23,"column":null}},"3":{"start":{"line":25,"column":8},"end":{"line":25,"column":null}},"4":{"start":{"line":29,"column":25},"end":{"line":33,"column":null}},"5":{"start":{"line":35,"column":8},"end":{"line":35,"column":null}}},"fnMap":{"0":{"name":"(anonymous_0)","decl":{"start":{"line":6,"column":4},"end":{"line":6,"column":10}},"loc":{"start":{"line":6,"column":70},"end":{"line":14,"column":null}}},"1":{"name":"(anonymous_1)","decl":{"start":{"line":16,"column":3},"end":{"line":16,"column":9}},"loc":{"start":{"line":16,"column":41},"end":{"line":26,"column":null}}},"2":{"name":"(anonymous_2)","decl":{"start":{"line":28,"column":4},"end":{"line":28,"column":10}},"loc":{"start":{"line":28,"column":53},"end":{"line":36,"column":null}}}},"branchMap":{"0":{"loc":{"start":{"line":13,"column":15},"end":{"line":13,"column":null}},"type":"binary-expr","locations":[{"start":{"line":13,"column":15},"end":{"line":13,"column":23}},{"start":{"line":13,"column":23},"end":{"line":13,"column":null}}]}},"s":{"0":0,"1":0,"2":0,"3":0,"4":0,"5":0},"f":{"0":0,"1":0,"2":0},"b":{"0":[0,0]}}
,"C:/Users/james/Documents/4.Projetos/15.medical_appointment/src/modules/users/useCases/authenticate-user/authenticate-user.controller.ts": {"path":"C:/Users/james/Documents/4.Projetos/15.medical_appointment/src/modules/users/useCases/authenticate-user/authenticate-user.controller.ts","statementMap":{"0":{"start":{"line":9,"column":16},"end":{"line":9,"column":null}},"1":{"start":{"line":10,"column":16},"end":{"line":10,"column":null}},"2":{"start":{"line":11,"column":16},"end":{"line":11,"column":null}},"3":{"start":{"line":16,"column":8},"end":{"line":28,"column":null}},"4":{"start":{"line":17,"column":25},"end":{"line":17,"column":null}},"5":{"start":{"line":19,"column":44},"end":{"line":19,"column":null}},"6":{"start":{"line":21,"column":27},"end":{"line":21,"column":null}},"7":{"start":{"line":23,"column":12},"end":{"line":23,"column":null}},"8":{"start":{"line":25,"column":12},"end":{"line":27,"column":null}}},"fnMap":{"0":{"name":"(anonymous_0)","decl":{"start":{"line":8,"column":4},"end":{"line":8,"column":null}},"loc":{"start":{"line":12,"column":5},"end":{"line":12,"column":null}}},"1":{"name":"(anonymous_1)","decl":{"start":{"line":14,"column":4},"end":{"line":14,"column":10}},"loc":{"start":{"line":14,"column":45},"end":{"line":29,"column":null}}}},"branchMap":{},"s":{"0":0,"1":0,"2":0,"3":0,"4":0,"5":0,"6":0,"7":0,"8":0},"f":{"0":0,"1":0},"b":{}}
,"C:/Users/james/Documents/4.Projetos/15.medical_appointment/src/modules/users/useCases/authenticate-user/authenticate-user.usecase.ts": {"path":"C:/Users/james/Documents/4.Projetos/15.medical_appointment/src/modules/users/useCases/authenticate-user/authenticate-user.usecase.ts","statementMap":{"0":{"start":{"line":14,"column":16},"end":{"line":14,"column":null}},"1":{"start":{"line":15,"column":16},"end":{"line":15,"column":null}},"2":{"start":{"line":16,"column":16},"end":{"line":16,"column":null}},"3":{"start":{"line":20,"column":8},"end":{"line":20,"column":null}},"4":{"start":{"line":20,"column":35},"end":{"line":20,"column":null}},"5":{"start":{"line":22,"column":21},"end":{"line":22,"column":null}},"6":{"start":{"line":24,"column":8},"end":{"line":24,"column":null}},"7":{"start":{"line":24,"column":18},"end":{"line":24,"column":null}},"8":{"start":{"line":26,"column":36},"end":{"line":26,"column":null}},"9":{"start":{"line":28,"column":8},"end":{"line":28,"column":null}},"10":{"start":{"line":28,"column":33},"end":{"line":28,"column":null}},"11":{"start":{"line":30,"column":31},"end":{"line":30,"column":null}},"12":{"start":{"line":32,"column":8},"end":{"line":32,"column":null}}},"fnMap":{"0":{"name":"(anonymous_0)","decl":{"start":{"line":13,"column":4},"end":{"line":13,"column":null}},"loc":{"start":{"line":17,"column":9},"end":{"line":17,"column":null}}},"1":{"name":"(anonymous_1)","decl":{"start":{"line":19,"column":4},"end":{"line":19,"column":10}},"loc":{"start":{"line":19,"column":63},"end":{"line":33,"column":null}}}},"branchMap":{"0":{"loc":{"start":{"line":20,"column":8},"end":{"line":20,"column":null}},"type":"if","locations":[{"start":{"line":20,"column":8},"end":{"line":20,"column":null}},{"start":{"line":20,"column":8},"end":{"line":20,"column":null}}]},"1":{"loc":{"start":{"line":20,"column":11},"end":{"line":20,"column":35}},"type":"binary-expr","locations":[{"start":{"line":20,"column":11},"end":{"line":20,"column":24}},{"start":{"line":20,"column":24},"end":{"line":20,"column":35}}]},"2":{"loc":{"start":{"line":24,"column":8},"end":{"line":24,"column":null}},"type":"if","locations":[{"start":{"line":24,"column":8},"end":{"line":24,"column":null}},{"start":{"line":24,"column":8},"end":{"line":24,"column":null}}]},"3":{"loc":{"start":{"line":28,"column":8},"end":{"line":28,"column":null}},"type":"if","locations":[{"start":{"line":28,"column":8},"end":{"line":28,"column":null}},{"start":{"line":28,"column":8},"end":{"line":28,"column":null}}]}},"s":{"0":0,"1":0,"2":0,"3":0,"4":0,"5":0,"6":0,"7":0,"8":0,"9":0,"10":0,"11":0,"12":0},"f":{"0":0,"1":0},"b":{"0":[0,0],"1":[0,0],"2":[0,0],"3":[0,0]}}
,"C:/Users/james/Documents/4.Projetos/15.medical_appointment/src/modules/users/useCases/authenticate-user/index.ts": {"path":"C:/Users/james/Documents/4.Projetos/15.medical_appointment/src/modules/users/useCases/authenticate-user/index.ts","statementMap":{"0":{"start":{"line":6,"column":29},"end":{"line":6,"column":null}},"1":{"start":{"line":7,"column":23},"end":{"line":7,"column":null}},"2":{"start":{"line":8,"column":23},"end":{"line":8,"column":null}},"3":{"start":{"line":10,"column":35},"end":{"line":10,"column":null}}},"fnMap":{},"branchMap":{},"s":{"0":0,"1":0,"2":0,"3":0},"f":{},"b":{}}
,"C:/Users/james/Documents/4.Projetos/15.medical_appointment/src/modules/users/useCases/create-user/create-user.controller.ts": {"path":"C:/Users/james/Documents/4.Projetos/15.medical_appointment/src/modules/users/useCases/create-user/create-user.controller.ts","statementMap":{"0":{"start":{"line":9,"column":24},"end":{"line":9,"column":65}},"1":{"start":{"line":9,"column":65},"end":{"line":9,"column":97}},"2":{"start":{"line":13,"column":8},"end":{"line":27,"column":null}},"3":{"start":{"line":14,"column":25},"end":{"line":14,"column":null}},"4":{"start":{"line":16,"column":28},"end":{"line":16,"column":null}},"5":{"start":{"line":18,"column":27},"end":{"line":18,"column":null}},"6":{"start":{"line":20,"column":12},"end":{"line":20,"column":null}},"7":{"start":{"line":23,"column":12},"end":{"line":23,"column":null}},"8":{"start":{"line":24,"column":12},"end":{"line":26,"column":null}}},"fnMap":{"0":{"name":"(anonymous_0)","decl":{"start":{"line":9,"column":4},"end":{"line":9,"column":24}},"loc":{"start":{"line":9,"column":97},"end":{"line":9,"column":null}}},"1":{"name":"(anonymous_1)","decl":{"start":{"line":11,"column":4},"end":{"line":11,"column":10}},"loc":{"start":{"line":11,"column":45},"end":{"line":28,"column":null}}}},"branchMap":{},"s":{"0":0,"1":0,"2":0,"3":0,"4":0,"5":0,"6":0,"7":0,"8":0},"f":{"0":0,"1":0},"b":{}}
,"C:/Users/james/Documents/4.Projetos/15.medical_appointment/src/modules/users/useCases/create-user/create-user.usecase.ts": {"path":"C:/Users/james/Documents/4.Projetos/15.medical_appointment/src/modules/users/useCases/create-user/create-user.usecase.ts","statementMap":{"0":{"start":{"line":14,"column":24},"end":{"line":14,"column":65}},"1":{"start":{"line":14,"column":65},"end":{"line":14,"column":97}},"2":{"start":{"line":17,"column":21},"end":{"line":17,"column":null}},"3":{"start":{"line":21,"column":8},"end":{"line":23,"column":null}},"4":{"start":{"line":22,"column":12},"end":{"line":22,"column":null}},"5":{"start":{"line":25,"column":27},"end":{"line":25,"column":null}},"6":{"start":{"line":27,"column":8},"end":{"line":27,"column":null}},"7":{"start":{"line":27,"column":23},"end":{"line":27,"column":null}},"8":{"start":{"line":29,"column":31},"end":{"line":29,"column":null}},"9":{"start":{"line":30,"column":8},"end":{"line":30,"column":null}},"10":{"start":{"line":32,"column":28},"end":{"line":32,"column":null}},"11":{"start":{"line":33,"column":8},"end":{"line":33,"column":null}}},"fnMap":{"0":{"name":"(anonymous_0)","decl":{"start":{"line":14,"column":4},"end":{"line":14,"column":24}},"loc":{"start":{"line":14,"column":97},"end":{"line":14,"column":null}}},"1":{"name":"(anonymous_1)","decl":{"start":{"line":16,"column":4},"end":{"line":16,"column":10}},"loc":{"start":{"line":16,"column":36},"end":{"line":34,"column":null}}}},"branchMap":{"0":{"loc":{"start":{"line":21,"column":8},"end":{"line":23,"column":null}},"type":"if","locations":[{"start":{"line":21,"column":8},"end":{"line":23,"column":null}},{"start":{"line":21,"column":8},"end":{"line":23,"column":null}}]},"1":{"loc":{"start":{"line":21,"column":11},"end":{"line":21,"column":44}},"type":"binary-expr","locations":[{"start":{"line":21,"column":11},"end":{"line":21,"column":29}},{"start":{"line":21,"column":29},"end":{"line":21,"column":44}}]},"2":{"loc":{"start":{"line":27,"column":8},"end":{"line":27,"column":null}},"type":"if","locations":[{"start":{"line":27,"column":8},"end":{"line":27,"column":null}},{"start":{"line":27,"column":8},"end":{"line":27,"column":null}}]}},"s":{"0":0,"1":0,"2":0,"3":0,"4":0,"5":0,"6":0,"7":0,"8":0,"9":0,"10":0,"11":0},"f":{"0":0,"1":0},"b":{"0":[0,0],"1":[0,0],"2":[0,0]}}
,"C:/Users/james/Documents/4.Projetos/15.medical_appointment/src/modules/users/useCases/create-user/index.ts": {"path":"C:/Users/james/Documents/4.Projetos/15.medical_appointment/src/modules/users/useCases/create-user/index.ts","statementMap":{"0":{"start":{"line":5,"column":29},"end":{"line":5,"column":null}},"1":{"start":{"line":6,"column":23},"end":{"line":6,"column":null}},"2":{"start":{"line":7,"column":29},"end":{"line":7,"column":null}}},"fnMap":{},"branchMap":{},"s":{"0":0,"1":0,"2":0},"f":{},"b":{}}
,"C:/Users/james/Documents/4.Projetos/15.medical_appointment/src/routes/specialty.routes.ts": {"path":"C:/Users/james/Documents/4.Projetos/15.medical_appointment/src/routes/specialty.routes.ts","statementMap":{"0":{"start":{"line":6,"column":24},"end":{"line":6,"column":null}},"1":{"start":{"line":8,"column":0},"end":{"line":13,"column":null}},"2":{"start":{"line":12,"column":4},"end":{"line":12,"column":null}}},"fnMap":{"0":{"name":"(anonymous_0)","decl":{"start":{"line":11,"column":0},"end":{"line":11,"column":7}},"loc":{"start":{"line":11,"column":29},"end":{"line":13,"column":2}}}},"branchMap":{},"s":{"0":0,"1":0,"2":0},"f":{"0":0},"b":{}}
,"C:/Users/james/Documents/4.Projetos/15.medical_appointment/src/routes/user.routes.ts": {"path":"C:/Users/james/Documents/4.Projetos/15.medical_appointment/src/routes/user.routes.ts","statementMap":{"0":{"start":{"line":5,"column":19},"end":{"line":5,"column":null}},"1":{"start":{"line":7,"column":0},"end":{"line":9,"column":null}},"2":{"start":{"line":8,"column":4},"end":{"line":8,"column":null}},"3":{"start":{"line":11,"column":0},"end":{"line":13,"column":null}},"4":{"start":{"line":12,"column":4},"end":{"line":12,"column":null}}},"fnMap":{"0":{"name":"(anonymous_0)","decl":{"start":{"line":7,"column":26},"end":{"line":7,"column":33}},"loc":{"start":{"line":7,"column":55},"end":{"line":9,"column":1}}},"1":{"name":"(anonymous_1)","decl":{"start":{"line":11,"column":26},"end":{"line":11,"column":33}},"loc":{"start":{"line":11,"column":55},"end":{"line":13,"column":2}}}},"branchMap":{},"s":{"0":0,"1":0,"2":0,"3":0,"4":0},"f":{"0":0,"1":0},"b":{}}
,"C:/Users/james/Documents/4.Projetos/15.medical_appointment/src/utils/logger.ts": {"path":"C:/Users/james/Documents/4.Projetos/15.medical_appointment/src/utils/logger.ts","statementMap":{"0":{"start":{"line":3,"column":15},"end":{"line":18,"column":null}}},"fnMap":{},"branchMap":{},"s":{"0":0},"f":{},"b":{}}
}
